<?xml version="1.0" encoding="UTF-8"?>
<testsuite name="com.krimson701.baekchat.BaekchatApplicationTests" tests="1" skipped="0" failures="0" errors="0" timestamp="2020-06-26T08:38:44" hostname="DESKTOP-K0Q8S15" time="0.177">
  <properties/>
  <testcase name="contextLoads()" classname="com.krimson701.baekchat.BaekchatApplicationTests" time="0.177"/>
  <system-out><![CDATA[17:38:04.730 [Test worker] DEBUG org.springframework.test.context.BootstrapUtils - Instantiating CacheAwareContextLoaderDelegate from class [org.springframework.test.context.cache.DefaultCacheAwareContextLoaderDelegate]
17:38:04.781 [Test worker] DEBUG org.springframework.test.context.BootstrapUtils - Instantiating BootstrapContext using constructor [public org.springframework.test.context.support.DefaultBootstrapContext(java.lang.Class,org.springframework.test.context.CacheAwareContextLoaderDelegate)]
17:38:04.884 [Test worker] DEBUG org.springframework.test.context.BootstrapUtils - Instantiating TestContextBootstrapper for test class [com.krimson701.baekchat.BaekchatApplicationTests] from class [org.springframework.boot.test.context.SpringBootTestContextBootstrapper]
17:38:04.929 [Test worker] INFO org.springframework.boot.test.context.SpringBootTestContextBootstrapper - Neither @ContextConfiguration nor @ContextHierarchy found for test class [com.krimson701.baekchat.BaekchatApplicationTests], using SpringBootContextLoader
17:38:04.939 [Test worker] DEBUG org.springframework.test.context.support.AbstractContextLoader - Did not detect default resource location for test class [com.krimson701.baekchat.BaekchatApplicationTests]: class path resource [com/krimson701/baekchat/BaekchatApplicationTests-context.xml] does not exist
17:38:04.940 [Test worker] DEBUG org.springframework.test.context.support.AbstractContextLoader - Did not detect default resource location for test class [com.krimson701.baekchat.BaekchatApplicationTests]: class path resource [com/krimson701/baekchat/BaekchatApplicationTestsContext.groovy] does not exist
17:38:04.941 [Test worker] INFO org.springframework.test.context.support.AbstractContextLoader - Could not detect default resource locations for test class [com.krimson701.baekchat.BaekchatApplicationTests]: no resource found for suffixes {-context.xml, Context.groovy}.
17:38:04.944 [Test worker] INFO org.springframework.test.context.support.AnnotationConfigContextLoaderUtils - Could not detect default configuration classes for test class [com.krimson701.baekchat.BaekchatApplicationTests]: BaekchatApplicationTests does not declare any static, non-private, non-final, nested classes annotated with @Configuration.
17:38:05.148 [Test worker] DEBUG org.springframework.test.context.support.ActiveProfilesUtils - Could not find an 'annotation declaring class' for annotation type [org.springframework.test.context.ActiveProfiles] and class [com.krimson701.baekchat.BaekchatApplicationTests]
17:38:05.392 [Test worker] DEBUG org.springframework.context.annotation.ClassPathScanningCandidateComponentProvider - Identified candidate component class: file [C:\Users\dhkin\baekchat\Baek-Chat\build\classes\java\main\com\krimson701\baekchat\BaekchatApplication.class]
17:38:05.409 [Test worker] INFO org.springframework.boot.test.context.SpringBootTestContextBootstrapper - Found @SpringBootConfiguration com.krimson701.baekchat.BaekchatApplication for test class com.krimson701.baekchat.BaekchatApplicationTests
17:38:05.891 [Test worker] DEBUG org.springframework.boot.test.context.SpringBootTestContextBootstrapper - @TestExecutionListeners is not present for class [com.krimson701.baekchat.BaekchatApplicationTests]: using defaults.
17:38:05.913 [Test worker] INFO org.springframework.boot.test.context.SpringBootTestContextBootstrapper - Loaded default TestExecutionListener class names from location [META-INF/spring.factories]: [org.springframework.boot.test.autoconfigure.restdocs.RestDocsTestExecutionListener, org.springframework.boot.test.autoconfigure.web.client.MockRestServiceServerResetTestExecutionListener, org.springframework.boot.test.autoconfigure.web.servlet.MockMvcPrintOnlyOnFailureTestExecutionListener, org.springframework.boot.test.autoconfigure.web.servlet.WebDriverTestExecutionListener, org.springframework.boot.test.mock.mockito.MockitoTestExecutionListener, org.springframework.boot.test.mock.mockito.ResetMocksTestExecutionListener, org.springframework.test.context.web.ServletTestExecutionListener, org.springframework.test.context.support.DirtiesContextBeforeModesTestExecutionListener, org.springframework.test.context.support.DependencyInjectionTestExecutionListener, org.springframework.test.context.support.DirtiesContextTestExecutionListener, org.springframework.test.context.transaction.TransactionalTestExecutionListener, org.springframework.test.context.jdbc.SqlScriptsTestExecutionListener, org.springframework.test.context.event.EventPublishingTestExecutionListener]
17:38:05.999 [Test worker] INFO org.springframework.boot.test.context.SpringBootTestContextBootstrapper - Using TestExecutionListeners: [org.springframework.test.context.web.ServletTestExecutionListener@39549695, org.springframework.test.context.support.DirtiesContextBeforeModesTestExecutionListener@3cf9aa07, org.springframework.boot.test.mock.mockito.MockitoTestExecutionListener@646241c7, org.springframework.boot.test.autoconfigure.SpringBootDependencyInjectionTestExecutionListener@6100c4d1, org.springframework.test.context.support.DirtiesContextTestExecutionListener@7c7d165a, org.springframework.test.context.transaction.TransactionalTestExecutionListener@d253240, org.springframework.test.context.jdbc.SqlScriptsTestExecutionListener@7b3f265a, org.springframework.test.context.event.EventPublishingTestExecutionListener@1c7e43a0, org.springframework.boot.test.autoconfigure.restdocs.RestDocsTestExecutionListener@8a549b3, org.springframework.boot.test.autoconfigure.web.client.MockRestServiceServerResetTestExecutionListener@2c36cdd5, org.springframework.boot.test.autoconfigure.web.servlet.MockMvcPrintOnlyOnFailureTestExecutionListener@2eb933ff, org.springframework.boot.test.autoconfigure.web.servlet.WebDriverTestExecutionListener@403406cb, org.springframework.boot.test.mock.mockito.ResetMocksTestExecutionListener@62fe37af]
17:38:06.016 [Test worker] DEBUG org.springframework.test.context.support.AbstractDirtiesContextTestExecutionListener - Before test class: context [DefaultTestContext@72410e33 testClass = BaekchatApplicationTests, testInstance = [null], testMethod = [null], testException = [null], mergedContextConfiguration = [WebMergedContextConfiguration@4c0d4689 testClass = BaekchatApplicationTests, locations = '{}', classes = '{class com.krimson701.baekchat.BaekchatApplication}', contextInitializerClasses = '[]', activeProfiles = '{}', propertySourceLocations = '{}', propertySourceProperties = '{org.springframework.boot.test.context.SpringBootTestContextBootstrapper=true}', contextCustomizers = set[org.springframework.boot.test.autoconfigure.properties.PropertyMappingContextCustomizer@0, org.springframework.boot.test.autoconfigure.web.servlet.WebDriverContextCustomizerFactory$Customizer@6e6a6a57, org.springframework.boot.test.context.filter.ExcludeFilterContextCustomizer@6a00f4f0, org.springframework.boot.test.json.DuplicateJsonObjectContextCustomizerFactory$DuplicateJsonObjectContextCustomizer@10998ebc, org.springframework.boot.test.mock.mockito.MockitoContextCustomizer@0, org.springframework.boot.test.web.client.TestRestTemplateContextCustomizer@6d7a4a2], resourceBasePath = 'src/main/webapp', contextLoader = 'org.springframework.boot.test.context.SpringBootContextLoader', parent = [null]], attributes = map['org.springframework.test.context.web.ServletTestExecutionListener.activateListener' -> true]], class annotated with @DirtiesContext [false] with mode [null].
17:38:06.138 [Test worker] DEBUG org.springframework.test.context.support.TestPropertySourceUtils - Adding inlined properties to environment: {spring.jmx.enabled=false, org.springframework.boot.test.context.SpringBootTestContextBootstrapper=true, server.port=-1}

  .   ____          _            __ _ _
 /\\ / ___'_ __ _ _(_)_ __  __ _ \ \ \ \
( ( )\___ | '_ | '_| | '_ \/ _` | \ \ \ \
 \\/  ___)| |_)| | | | | || (_| |  ) ) ) )
  '  |____| .__|_| |_|_| |_\__, | / / / /
 =========|_|==============|___/=/_/_/_/
 :: Spring Boot ::        (v2.2.6.RELEASE)

2020-06-26 17:38:07.914  INFO 14208 --- [    Test worker] c.k.baekchat.BaekchatApplicationTests    : Starting BaekchatApplicationTests on DESKTOP-K0Q8S15 with PID 14208 (started by dhkin in C:\Users\dhkin\baekchat\Baek-Chat)
2020-06-26 17:38:07.917  INFO 14208 --- [    Test worker] c.k.baekchat.BaekchatApplicationTests    : The following profiles are active: local
2020-06-26 17:38:12.244  INFO 14208 --- [    Test worker] .s.d.r.c.RepositoryConfigurationDelegate : Multiple Spring Data modules found, entering strict repository configuration mode!
2020-06-26 17:38:12.249  INFO 14208 --- [    Test worker] .s.d.r.c.RepositoryConfigurationDelegate : Bootstrapping Spring Data JPA repositories in DEFAULT mode.
2020-06-26 17:38:13.059  INFO 14208 --- [    Test worker] .s.d.r.c.RepositoryConfigurationDelegate : Finished Spring Data repository scanning in 784ms. Found 2 JPA repository interfaces.
2020-06-26 17:38:13.113  INFO 14208 --- [    Test worker] .s.d.r.c.RepositoryConfigurationDelegate : Multiple Spring Data modules found, entering strict repository configuration mode!
2020-06-26 17:38:13.113  INFO 14208 --- [    Test worker] .s.d.r.c.RepositoryConfigurationDelegate : Bootstrapping Spring Data MongoDB repositories in DEFAULT mode.
2020-06-26 17:38:13.150  INFO 14208 --- [    Test worker] .RepositoryConfigurationExtensionSupport : Spring Data MongoDB - Could not safely identify store assignment for repository candidate interface com.krimson701.baekchat.repository.RelationRepository. If you want this repository to be a MongoDB repository, consider annotating your entities with one of these annotations: org.springframework.data.mongodb.core.mapping.Document (preferred), or consider extending one of the following types with your repository: org.springframework.data.mongodb.repository.MongoRepository.
2020-06-26 17:38:13.152  INFO 14208 --- [    Test worker] .RepositoryConfigurationExtensionSupport : Spring Data MongoDB - Could not safely identify store assignment for repository candidate interface com.krimson701.baekchat.repository.UserRepository. If you want this repository to be a MongoDB repository, consider annotating your entities with one of these annotations: org.springframework.data.mongodb.core.mapping.Document (preferred), or consider extending one of the following types with your repository: org.springframework.data.mongodb.repository.MongoRepository.
2020-06-26 17:38:13.152  INFO 14208 --- [    Test worker] .s.d.r.c.RepositoryConfigurationDelegate : Finished Spring Data repository scanning in 38ms. Found 0 MongoDB repository interfaces.
2020-06-26 17:38:13.233  INFO 14208 --- [    Test worker] .s.d.r.c.RepositoryConfigurationDelegate : Multiple Spring Data modules found, entering strict repository configuration mode!
2020-06-26 17:38:13.236  INFO 14208 --- [    Test worker] .s.d.r.c.RepositoryConfigurationDelegate : Bootstrapping Spring Data Redis repositories in DEFAULT mode.
2020-06-26 17:38:13.279  INFO 14208 --- [    Test worker] .RepositoryConfigurationExtensionSupport : Spring Data Redis - Could not safely identify store assignment for repository candidate interface com.krimson701.baekchat.repository.RelationRepository. If you want this repository to be a Redis repository, consider annotating your entities with one of these annotations: org.springframework.data.redis.core.RedisHash (preferred), or consider extending one of the following types with your repository: org.springframework.data.keyvalue.repository.KeyValueRepository.
2020-06-26 17:38:13.281  INFO 14208 --- [    Test worker] .RepositoryConfigurationExtensionSupport : Spring Data Redis - Could not safely identify store assignment for repository candidate interface com.krimson701.baekchat.repository.UserRepository. If you want this repository to be a Redis repository, consider annotating your entities with one of these annotations: org.springframework.data.redis.core.RedisHash (preferred), or consider extending one of the following types with your repository: org.springframework.data.keyvalue.repository.KeyValueRepository.
2020-06-26 17:38:13.282  INFO 14208 --- [    Test worker] .s.d.r.c.RepositoryConfigurationDelegate : Finished Spring Data repository scanning in 29ms. Found 0 Redis repository interfaces.
2020-06-26 17:38:14.735  INFO 14208 --- [    Test worker] trationDelegate$BeanPostProcessorChecker : Bean 'asyncConfig' of type [com.krimson701.baekchat.configuration.AsyncConfig$$EnhancerBySpringCGLIB$$da85d198] is not eligible for getting processed by all BeanPostProcessors (for example: not eligible for auto-proxying)
2020-06-26 17:38:15.200  INFO 14208 --- [    Test worker] trationDelegate$BeanPostProcessorChecker : Bean 'org.springframework.aop.support.DefaultBeanFactoryPointcutAdvisor#0' of type [org.springframework.aop.support.DefaultBeanFactoryPointcutAdvisor] is not eligible for getting processed by all BeanPostProcessors (for example: not eligible for auto-proxying)
2020-06-26 17:38:16.932  INFO 14208 --- [    Test worker] o.hibernate.jpa.internal.util.LogHelper  : HHH000204: Processing PersistenceUnitInfo [name: default]
2020-06-26 17:38:17.253  INFO 14208 --- [    Test worker] org.hibernate.Version                    : HHH000412: Hibernate ORM core version 5.4.12.Final
2020-06-26 17:38:17.805  INFO 14208 --- [    Test worker] o.hibernate.annotations.common.Version   : HCANN000001: Hibernate Commons Annotations {5.1.0.Final}
2020-06-26 17:38:18.214  INFO 14208 --- [    Test worker] com.zaxxer.hikari.HikariDataSource       : HikariPool-1 - Starting...
2020-06-26 17:38:19.956  INFO 14208 --- [    Test worker] log4jdbc.log4j2                          : 1. Connection opened. {executed in 1695ms} 
2020-06-26 17:38:19.959  INFO 14208 --- [    Test worker] log4jdbc.log4j2                          : 1. Connection.new Connection returned 
2020-06-26 17:38:19.959  INFO 14208 --- [    Test worker] com.zaxxer.hikari.pool.PoolBase          : HikariPool-1 - Driver does not support get/set network timeout for connections. (net.sf.log4jdbc.sql.jdbcapi.ConnectionSpy.getNetworkTimeout()I)
2020-06-26 17:38:19.960  INFO 14208 --- [    Test worker] log4jdbc.log4j2                          : 1. Connection.isReadOnly() returned false
2020-06-26 17:38:19.960  INFO 14208 --- [    Test worker] log4jdbc.log4j2                          : 1. Connection.getAutoCommit() returned true
2020-06-26 17:38:19.964  INFO 14208 --- [    Test worker] log4jdbc.log4j2                          : 1. Connection.isValid(1) returned true
2020-06-26 17:38:19.969  INFO 14208 --- [    Test worker] log4jdbc.log4j2                          : 1. Connection.getTransactionIsolation() returned 4
2020-06-26 17:38:19.976  INFO 14208 --- [    Test worker] com.zaxxer.hikari.HikariDataSource       : HikariPool-1 - Start completed.
2020-06-26 17:38:19.981  INFO 14208 --- [    Test worker] log4jdbc.log4j2                          : 1. Connection.getMetaData() returned com.mysql.cj.jdbc.DatabaseMetaData@4a45397b
2020-06-26 17:38:19.988  INFO 14208 --- [    Test worker] log4jdbc.log4j2                          : 1. Connection.getMetaData() returned com.mysql.cj.jdbc.DatabaseMetaData@655b6a59
2020-06-26 17:38:20.058  INFO 14208 --- [    Test worker] org.hibernate.dialect.Dialect            : HHH000400: Using dialect: org.hibernate.dialect.MySQL55Dialect
2020-06-26 17:38:20.119  INFO 14208 --- [    Test worker] log4jdbc.log4j2                          : 1. Connection.getCatalog() returned krimson701
2020-06-26 17:38:20.132  INFO 14208 --- [onnection adder] log4jdbc.log4j2                          : 2. Connection opened. {executed in 53ms} 
2020-06-26 17:38:20.133  INFO 14208 --- [onnection adder] log4jdbc.log4j2                          : 2. Connection.new Connection returned 
2020-06-26 17:38:20.133  INFO 14208 --- [onnection adder] log4jdbc.log4j2                          : 2. Connection.isReadOnly() returned false
2020-06-26 17:38:20.134  INFO 14208 --- [onnection adder] log4jdbc.log4j2                          : 2. Connection.getAutoCommit() returned true
2020-06-26 17:38:20.182  INFO 14208 --- [onnection adder] log4jdbc.log4j2                          : 3. Connection opened. {executed in 48ms} 
2020-06-26 17:38:20.182  INFO 14208 --- [onnection adder] log4jdbc.log4j2                          : 3. Connection.new Connection returned 
2020-06-26 17:38:20.182  INFO 14208 --- [onnection adder] log4jdbc.log4j2                          : 3. Connection.isReadOnly() returned false
2020-06-26 17:38:20.183  INFO 14208 --- [onnection adder] log4jdbc.log4j2                          : 3. Connection.getAutoCommit() returned true
2020-06-26 17:38:20.203  INFO 14208 --- [    Test worker] log4jdbc.log4j2                          : 1. Connection.getMetaData() returned com.mysql.cj.jdbc.DatabaseMetaData@51f62430
2020-06-26 17:38:20.209  INFO 14208 --- [    Test worker] log4jdbc.log4j2                          : 1. Connection.createClob() returned com.mysql.cj.jdbc.Clob@56101da3
2020-06-26 17:38:20.224  INFO 14208 --- [    Test worker] log4jdbc.log4j2                          : 1. Connection.clearWarnings() returned 
2020-06-26 17:38:20.239  INFO 14208 --- [onnection adder] log4jdbc.log4j2                          : 4. Connection opened. {executed in 56ms} 
2020-06-26 17:38:20.239  INFO 14208 --- [onnection adder] log4jdbc.log4j2                          : 4. Connection.new Connection returned 
2020-06-26 17:38:20.240  INFO 14208 --- [onnection adder] log4jdbc.log4j2                          : 4. Connection.isReadOnly() returned false
2020-06-26 17:38:20.240  INFO 14208 --- [onnection adder] log4jdbc.log4j2                          : 4. Connection.getAutoCommit() returned true
2020-06-26 17:38:20.295  INFO 14208 --- [onnection adder] log4jdbc.log4j2                          : 5. Connection opened. {executed in 54ms} 
2020-06-26 17:38:20.295  INFO 14208 --- [onnection adder] log4jdbc.log4j2                          : 5. Connection.new Connection returned 
2020-06-26 17:38:20.295  INFO 14208 --- [onnection adder] log4jdbc.log4j2                          : 5. Connection.isReadOnly() returned false
2020-06-26 17:38:20.295  INFO 14208 --- [onnection adder] log4jdbc.log4j2                          : 5. Connection.getAutoCommit() returned true
2020-06-26 17:38:20.348  INFO 14208 --- [onnection adder] log4jdbc.log4j2                          : 6. Connection opened. {executed in 52ms} 
2020-06-26 17:38:20.348  INFO 14208 --- [onnection adder] log4jdbc.log4j2                          : 6. Connection.new Connection returned 
2020-06-26 17:38:20.348  INFO 14208 --- [onnection adder] log4jdbc.log4j2                          : 6. Connection.isReadOnly() returned false
2020-06-26 17:38:20.349  INFO 14208 --- [onnection adder] log4jdbc.log4j2                          : 6. Connection.getAutoCommit() returned true
2020-06-26 17:38:20.401  INFO 14208 --- [onnection adder] log4jdbc.log4j2                          : 7. Connection opened. {executed in 52ms} 
2020-06-26 17:38:20.402  INFO 14208 --- [onnection adder] log4jdbc.log4j2                          : 7. Connection.new Connection returned 
2020-06-26 17:38:20.402  INFO 14208 --- [onnection adder] log4jdbc.log4j2                          : 7. Connection.isReadOnly() returned false
2020-06-26 17:38:20.402  INFO 14208 --- [onnection adder] log4jdbc.log4j2                          : 7. Connection.getAutoCommit() returned true
2020-06-26 17:38:20.453  INFO 14208 --- [onnection adder] log4jdbc.log4j2                          : 8. Connection opened. {executed in 50ms} 
2020-06-26 17:38:20.454  INFO 14208 --- [onnection adder] log4jdbc.log4j2                          : 8. Connection.new Connection returned 
2020-06-26 17:38:20.454  INFO 14208 --- [onnection adder] log4jdbc.log4j2                          : 8. Connection.isReadOnly() returned false
2020-06-26 17:38:20.454  INFO 14208 --- [onnection adder] log4jdbc.log4j2                          : 8. Connection.getAutoCommit() returned true
2020-06-26 17:38:20.509  INFO 14208 --- [onnection adder] log4jdbc.log4j2                          : 9. Connection opened. {executed in 53ms} 
2020-06-26 17:38:20.510  INFO 14208 --- [onnection adder] log4jdbc.log4j2                          : 9. Connection.new Connection returned 
2020-06-26 17:38:20.510  INFO 14208 --- [onnection adder] log4jdbc.log4j2                          : 9. Connection.isReadOnly() returned false
2020-06-26 17:38:20.511  INFO 14208 --- [onnection adder] log4jdbc.log4j2                          : 9. Connection.getAutoCommit() returned true
2020-06-26 17:38:20.566  INFO 14208 --- [onnection adder] log4jdbc.log4j2                          : 10. Connection opened. {executed in 55ms} 
2020-06-26 17:38:20.566  INFO 14208 --- [onnection adder] log4jdbc.log4j2                          : 10. Connection.new Connection returned 
2020-06-26 17:38:20.567  INFO 14208 --- [onnection adder] log4jdbc.log4j2                          : 10. Connection.isReadOnly() returned false
2020-06-26 17:38:20.567  INFO 14208 --- [onnection adder] log4jdbc.log4j2                          : 10. Connection.getAutoCommit() returned true
2020-06-26 17:38:22.494  INFO 14208 --- [    Test worker] log4jdbc.log4j2                          : 1. Connection.isValid(5) returned true
2020-06-26 17:38:22.494  INFO 14208 --- [    Test worker] log4jdbc.log4j2                          : 1. Connection.getAutoCommit() returned true
2020-06-26 17:38:22.495  INFO 14208 --- [    Test worker] log4jdbc.log4j2                          : 1. Connection.getMetaData() returned com.mysql.cj.jdbc.DatabaseMetaData@25252dae
2020-06-26 17:38:22.616  INFO 14208 --- [    Test worker] log4jdbc.log4j2                          : 1. Connection.clearWarnings() returned 
2020-06-26 17:38:22.616  INFO 14208 --- [    Test worker] o.h.e.t.j.p.i.JtaPlatformInitiator       : HHH000490: Using JtaPlatform implementation: [org.hibernate.engine.transaction.jta.platform.internal.NoJtaPlatform]
2020-06-26 17:38:22.633  INFO 14208 --- [    Test worker] j.LocalContainerEntityManagerFactoryBean : Initialized JPA EntityManagerFactory for persistence unit 'default'
2020-06-26 17:38:24.113  INFO 14208 --- [    Test worker] o.s.s.concurrent.ThreadPoolTaskExecutor  : Initializing ExecutorService 'clientInboundChannelExecutor'
2020-06-26 17:38:24.180  INFO 14208 --- [    Test worker] o.s.s.concurrent.ThreadPoolTaskExecutor  : Initializing ExecutorService 'clientOutboundChannelExecutor'
2020-06-26 17:38:27.529  INFO 14208 --- [    Test worker] org.mongodb.driver.cluster               : Cluster created with settings {hosts=[127.0.0.1:27017], srvHost=cluster0-icnyk.mongodb.net, mode=MULTIPLE, requiredClusterType=REPLICA_SET, serverSelectionTimeout='30000 ms', maxWaitQueueSize=500, requiredReplicaSetName='Cluster0-shard-0'}
2020-06-26 17:38:27.548  INFO 14208 --- [nyk.mongodb.net] org.mongodb.driver.cluster               : Adding discovered server cluster0-shard-00-00-icnyk.mongodb.net:27017 to client view of cluster
2020-06-26 17:38:27.664  INFO 14208 --- [nyk.mongodb.net] org.mongodb.driver.cluster               : Adding discovered server cluster0-shard-00-02-icnyk.mongodb.net:27017 to client view of cluster
2020-06-26 17:38:27.666  INFO 14208 --- [nyk.mongodb.net] org.mongodb.driver.cluster               : Adding discovered server cluster0-shard-00-01-icnyk.mongodb.net:27017 to client view of cluster
2020-06-26 17:38:27.795  WARN 14208 --- [    Test worker] .m.c.i.MongoPersistentEntityIndexCreator : Automatic index creation will be disabled by default as of Spring Data MongoDB 3.x.
	Please use 'MongoMappingContext#setAutoIndexCreation(boolean)' or override 'MongoConfigurationSupport#autoIndexCreation()' to be explicit.
	However, we recommend setting up indices manually in an application ready block. You may use index derivation there as well.

	> -----------------------------------------------------------------------------------------
	> @EventListener(ApplicationReadyEvent.class)
	> public void initIndicesAfterStartup() {
	>
	>     IndexOperations indexOps = mongoTemplate.indexOps(DomainType.class);
	>
	>     IndexResolver resolver = new MongoPersistentEntityIndexResolver(mongoMappingContext);
	>     resolver.resolveIndexFor(DomainType.class).forEach(indexOps::ensureIndex);
	> }
	> -----------------------------------------------------------------------------------------

2020-06-26 17:38:27.943  INFO 14208 --- [    Test worker] org.mongodb.driver.cluster               : No server chosen by com.mongodb.client.internal.MongoClientDelegate$1@2ad7c8ab from cluster description ClusterDescription{type=REPLICA_SET, connectionMode=MULTIPLE, serverDescriptions=[ServerDescription{address=cluster0-shard-00-00-icnyk.mongodb.net:27017, type=UNKNOWN, state=CONNECTING}, ServerDescription{address=cluster0-shard-00-02-icnyk.mongodb.net:27017, type=UNKNOWN, state=CONNECTING}, ServerDescription{address=cluster0-shard-00-01-icnyk.mongodb.net:27017, type=UNKNOWN, state=CONNECTING}]}. Waiting for 30000 ms before timing out
2020-06-26 17:38:29.311  INFO 14208 --- [ngodb.net:27017] org.mongodb.driver.connection            : Opened connection [connectionId{localValue:1, serverValue:62013}] to cluster0-shard-00-00-icnyk.mongodb.net:27017
2020-06-26 17:38:29.328  INFO 14208 --- [ngodb.net:27017] org.mongodb.driver.connection            : Opened connection [connectionId{localValue:3, serverValue:67626}] to cluster0-shard-00-01-icnyk.mongodb.net:27017
2020-06-26 17:38:29.343  INFO 14208 --- [ngodb.net:27017] org.mongodb.driver.connection            : Opened connection [connectionId{localValue:2, serverValue:773767}] to cluster0-shard-00-02-icnyk.mongodb.net:27017
2020-06-26 17:38:29.522  INFO 14208 --- [ngodb.net:27017] org.mongodb.driver.cluster               : Monitor thread successfully connected to server with description ServerDescription{address=cluster0-shard-00-00-icnyk.mongodb.net:27017, type=REPLICA_SET_SECONDARY, state=CONNECTED, ok=true, version=ServerVersion{versionList=[4, 2, 8]}, minWireVersion=0, maxWireVersion=8, maxDocumentSize=16777216, logicalSessionTimeoutMinutes=30, roundTripTimeNanos=200680500, setName='Cluster0-shard-0', canonicalAddress=cluster0-shard-00-00-icnyk.mongodb.net:27017, hosts=[cluster0-shard-00-00-icnyk.mongodb.net:27017, cluster0-shard-00-01-icnyk.mongodb.net:27017, cluster0-shard-00-02-icnyk.mongodb.net:27017], passives=[], arbiters=[], primary='cluster0-shard-00-02-icnyk.mongodb.net:27017', tagSet=TagSet{[Tag{name='nodeType', value='ELECTABLE'}, Tag{name='provider', value='AWS'}, Tag{name='region', value='US_EAST_1'}]}, electionId=null, setVersion=2, lastWriteDate=Fri Jun 26 17:38:27 KST 2020, lastUpdateTimeNanos=1274037197735700}
2020-06-26 17:38:29.546  INFO 14208 --- [ngodb.net:27017] org.mongodb.driver.cluster               : Monitor thread successfully connected to server with description ServerDescription{address=cluster0-shard-00-01-icnyk.mongodb.net:27017, type=REPLICA_SET_SECONDARY, state=CONNECTED, ok=true, version=ServerVersion{versionList=[4, 2, 8]}, minWireVersion=0, maxWireVersion=8, maxDocumentSize=16777216, logicalSessionTimeoutMinutes=30, roundTripTimeNanos=216612300, setName='Cluster0-shard-0', canonicalAddress=cluster0-shard-00-01-icnyk.mongodb.net:27017, hosts=[cluster0-shard-00-00-icnyk.mongodb.net:27017, cluster0-shard-00-01-icnyk.mongodb.net:27017, cluster0-shard-00-02-icnyk.mongodb.net:27017], passives=[], arbiters=[], primary='cluster0-shard-00-02-icnyk.mongodb.net:27017', tagSet=TagSet{[Tag{name='nodeType', value='ELECTABLE'}, Tag{name='provider', value='AWS'}, Tag{name='region', value='US_EAST_1'}]}, electionId=null, setVersion=2, lastWriteDate=Fri Jun 26 17:38:27 KST 2020, lastUpdateTimeNanos=1274037228981900}
2020-06-26 17:38:29.558  INFO 14208 --- [    Test worker] org.mongodb.driver.cluster               : No server chosen by WritableServerSelector from cluster description ClusterDescription{type=REPLICA_SET, connectionMode=MULTIPLE, serverDescriptions=[ServerDescription{address=cluster0-shard-00-00-icnyk.mongodb.net:27017, type=REPLICA_SET_SECONDARY, state=CONNECTED, ok=true, version=ServerVersion{versionList=[4, 2, 8]}, minWireVersion=0, maxWireVersion=8, maxDocumentSize=16777216, logicalSessionTimeoutMinutes=30, roundTripTimeNanos=200680500, setName='Cluster0-shard-0', canonicalAddress=cluster0-shard-00-00-icnyk.mongodb.net:27017, hosts=[cluster0-shard-00-00-icnyk.mongodb.net:27017, cluster0-shard-00-01-icnyk.mongodb.net:27017, cluster0-shard-00-02-icnyk.mongodb.net:27017], passives=[], arbiters=[], primary='cluster0-shard-00-02-icnyk.mongodb.net:27017', tagSet=TagSet{[Tag{name='nodeType', value='ELECTABLE'}, Tag{name='provider', value='AWS'}, Tag{name='region', value='US_EAST_1'}]}, electionId=null, setVersion=2, lastWriteDate=Fri Jun 26 17:38:27 KST 2020, lastUpdateTimeNanos=1274037197735700}, ServerDescription{address=cluster0-shard-00-02-icnyk.mongodb.net:27017, type=UNKNOWN, state=CONNECTING}, ServerDescription{address=cluster0-shard-00-01-icnyk.mongodb.net:27017, type=REPLICA_SET_SECONDARY, state=CONNECTED, ok=true, version=ServerVersion{versionList=[4, 2, 8]}, minWireVersion=0, maxWireVersion=8, maxDocumentSize=16777216, logicalSessionTimeoutMinutes=30, roundTripTimeNanos=216612300, setName='Cluster0-shard-0', canonicalAddress=cluster0-shard-00-01-icnyk.mongodb.net:27017, hosts=[cluster0-shard-00-00-icnyk.mongodb.net:27017, cluster0-shard-00-01-icnyk.mongodb.net:27017, cluster0-shard-00-02-icnyk.mongodb.net:27017], passives=[], arbiters=[], primary='cluster0-shard-00-02-icnyk.mongodb.net:27017', tagSet=TagSet{[Tag{name='nodeType', value='ELECTABLE'}, Tag{name='provider', value='AWS'}, Tag{name='region', value='US_EAST_1'}]}, electionId=null, setVersion=2, lastWriteDate=Fri Jun 26 17:38:27 KST 2020, lastUpdateTimeNanos=1274037228981900}]}. Waiting for 30000 ms before timing out
2020-06-26 17:38:29.560  INFO 14208 --- [ngodb.net:27017] org.mongodb.driver.cluster               : Monitor thread successfully connected to server with description ServerDescription{address=cluster0-shard-00-02-icnyk.mongodb.net:27017, type=REPLICA_SET_PRIMARY, state=CONNECTED, ok=true, version=ServerVersion{versionList=[4, 2, 8]}, minWireVersion=0, maxWireVersion=8, maxDocumentSize=16777216, logicalSessionTimeoutMinutes=30, roundTripTimeNanos=216208900, setName='Cluster0-shard-0', canonicalAddress=cluster0-shard-00-02-icnyk.mongodb.net:27017, hosts=[cluster0-shard-00-00-icnyk.mongodb.net:27017, cluster0-shard-00-01-icnyk.mongodb.net:27017, cluster0-shard-00-02-icnyk.mongodb.net:27017], passives=[], arbiters=[], primary='cluster0-shard-00-02-icnyk.mongodb.net:27017', tagSet=TagSet{[Tag{name='nodeType', value='ELECTABLE'}, Tag{name='provider', value='AWS'}, Tag{name='region', value='US_EAST_1'}]}, electionId=7fffffff0000000000000008, setVersion=2, lastWriteDate=Fri Jun 26 17:38:27 KST 2020, lastUpdateTimeNanos=1274037242718100}
2020-06-26 17:38:29.561  INFO 14208 --- [ngodb.net:27017] org.mongodb.driver.cluster               : Setting max election id to 7fffffff0000000000000008 from replica set primary cluster0-shard-00-02-icnyk.mongodb.net:27017
2020-06-26 17:38:29.562  INFO 14208 --- [ngodb.net:27017] org.mongodb.driver.cluster               : Setting max set version to 2 from replica set primary cluster0-shard-00-02-icnyk.mongodb.net:27017
2020-06-26 17:38:29.562  INFO 14208 --- [ngodb.net:27017] org.mongodb.driver.cluster               : Discovered replica set primary cluster0-shard-00-02-icnyk.mongodb.net:27017
2020-06-26 17:38:31.203  INFO 14208 --- [    Test worker] org.mongodb.driver.connection            : Opened connection [connectionId{localValue:4, serverValue:854210}] to cluster0-shard-00-02-icnyk.mongodb.net:27017
2020-06-26 17:38:36.000  WARN 14208 --- [    Test worker] JpaBaseConfiguration$JpaWebConfiguration : spring.jpa.open-in-view is enabled by default. Therefore, database queries may be performed during view rendering. Explicitly configure spring.jpa.open-in-view to disable this warning
2020-06-26 17:38:36.213  INFO 14208 --- [    Test worker] c.k.baekchat.configuration.WebMvcConfig  : addINterceptors 실행됐다=========================================================================
2020-06-26 17:38:36.214  INFO 14208 --- [    Test worker] c.k.baekchat.configuration.WebMvcConfig  : addInterceptors InterceptorProps(authCheck=InterceptorMappingProps(interceptorName=authCheckInterceptor, mappings=[/**/*], excludeMappings=[/swagger-resources, /swagger-resources/configuration/*, /swagger-ui.html, /webjars/springfox-swagger-ui/*], order=0))
2020-06-26 17:38:37.736  INFO 14208 --- [    Test worker] pertySourcedRequestMappingHandlerMapping : Mapped URL path [/v2/api-docs] onto method [springfox.documentation.swagger2.web.Swagger2Controller#getDocumentation(String, HttpServletRequest)]
2020-06-26 17:38:37.968  INFO 14208 --- [    Test worker] o.s.s.c.ThreadPoolTaskScheduler          : Initializing ExecutorService 'messageBrokerTaskScheduler'
2020-06-26 17:38:38.131  INFO 14208 --- [    Test worker] o.s.s.concurrent.ThreadPoolTaskExecutor  : Initializing ExecutorService 'brokerChannelExecutor'
2020-06-26 17:38:39.449  INFO 14208 --- [    Test worker] org.mongodb.driver.cluster               : Cluster created with settings {hosts=[127.0.0.1:27017], srvHost=cluster0-icnyk.mongodb.net, mode=MULTIPLE, requiredClusterType=REPLICA_SET, serverSelectionTimeout='30000 ms', maxWaitQueueSize=500, requiredReplicaSetName='Cluster0-shard-0'}
2020-06-26 17:38:39.469  INFO 14208 --- [nyk.mongodb.net] org.mongodb.driver.cluster               : Adding discovered server cluster0-shard-00-00-icnyk.mongodb.net:27017 to client view of cluster
2020-06-26 17:38:39.472  INFO 14208 --- [nyk.mongodb.net] org.mongodb.driver.cluster               : Adding discovered server cluster0-shard-00-01-icnyk.mongodb.net:27017 to client view of cluster
2020-06-26 17:38:39.473  INFO 14208 --- [nyk.mongodb.net] org.mongodb.driver.cluster               : Adding discovered server cluster0-shard-00-02-icnyk.mongodb.net:27017 to client view of cluster
2020-06-26 17:38:40.447  INFO 14208 --- [ngodb.net:27017] org.mongodb.driver.connection            : Opened connection [connectionId{localValue:6, serverValue:62539}] to cluster0-shard-00-01-icnyk.mongodb.net:27017
2020-06-26 17:38:40.467  INFO 14208 --- [ngodb.net:27017] org.mongodb.driver.connection            : Opened connection [connectionId{localValue:7, serverValue:892911}] to cluster0-shard-00-02-icnyk.mongodb.net:27017
2020-06-26 17:38:40.587  INFO 14208 --- [ngodb.net:27017] org.mongodb.driver.connection            : Opened connection [connectionId{localValue:5, serverValue:62014}] to cluster0-shard-00-00-icnyk.mongodb.net:27017
2020-06-26 17:38:40.638  INFO 14208 --- [ngodb.net:27017] org.mongodb.driver.cluster               : Monitor thread successfully connected to server with description ServerDescription{address=cluster0-shard-00-01-icnyk.mongodb.net:27017, type=REPLICA_SET_SECONDARY, state=CONNECTED, ok=true, version=ServerVersion{versionList=[4, 2, 8]}, minWireVersion=0, maxWireVersion=8, maxDocumentSize=16777216, logicalSessionTimeoutMinutes=30, roundTripTimeNanos=189380900, setName='Cluster0-shard-0', canonicalAddress=cluster0-shard-00-01-icnyk.mongodb.net:27017, hosts=[cluster0-shard-00-00-icnyk.mongodb.net:27017, cluster0-shard-00-01-icnyk.mongodb.net:27017, cluster0-shard-00-02-icnyk.mongodb.net:27017], passives=[], arbiters=[], primary='cluster0-shard-00-02-icnyk.mongodb.net:27017', tagSet=TagSet{[Tag{name='nodeType', value='ELECTABLE'}, Tag{name='provider', value='AWS'}, Tag{name='region', value='US_EAST_1'}]}, electionId=null, setVersion=2, lastWriteDate=Fri Jun 26 17:38:38 KST 2020, lastUpdateTimeNanos=1274048320998100}
2020-06-26 17:38:40.664  INFO 14208 --- [ngodb.net:27017] org.mongodb.driver.cluster               : Monitor thread successfully connected to server with description ServerDescription{address=cluster0-shard-00-02-icnyk.mongodb.net:27017, type=REPLICA_SET_PRIMARY, state=CONNECTED, ok=true, version=ServerVersion{versionList=[4, 2, 8]}, minWireVersion=0, maxWireVersion=8, maxDocumentSize=16777216, logicalSessionTimeoutMinutes=30, roundTripTimeNanos=195322000, setName='Cluster0-shard-0', canonicalAddress=cluster0-shard-00-02-icnyk.mongodb.net:27017, hosts=[cluster0-shard-00-00-icnyk.mongodb.net:27017, cluster0-shard-00-01-icnyk.mongodb.net:27017, cluster0-shard-00-02-icnyk.mongodb.net:27017], passives=[], arbiters=[], primary='cluster0-shard-00-02-icnyk.mongodb.net:27017', tagSet=TagSet{[Tag{name='nodeType', value='ELECTABLE'}, Tag{name='provider', value='AWS'}, Tag{name='region', value='US_EAST_1'}]}, electionId=7fffffff0000000000000008, setVersion=2, lastWriteDate=Fri Jun 26 17:38:38 KST 2020, lastUpdateTimeNanos=1274048345706900}
2020-06-26 17:38:40.667  INFO 14208 --- [ngodb.net:27017] org.mongodb.driver.cluster               : Setting max election id to 7fffffff0000000000000008 from replica set primary cluster0-shard-00-02-icnyk.mongodb.net:27017
2020-06-26 17:38:40.669  INFO 14208 --- [ngodb.net:27017] org.mongodb.driver.cluster               : Setting max set version to 2 from replica set primary cluster0-shard-00-02-icnyk.mongodb.net:27017
2020-06-26 17:38:40.670  INFO 14208 --- [ngodb.net:27017] org.mongodb.driver.cluster               : Discovered replica set primary cluster0-shard-00-02-icnyk.mongodb.net:27017
2020-06-26 17:38:40.756  WARN 14208 --- [    Test worker] o.s.b.a.f.FreeMarkerAutoConfiguration    : Cannot find template location(s): [classpath:/templates/] (please add some templates, check your FreeMarker configuration, or set spring.freemarker.checkTemplateLocation=false)
2020-06-26 17:38:40.804  INFO 14208 --- [ngodb.net:27017] org.mongodb.driver.cluster               : Monitor thread successfully connected to server with description ServerDescription{address=cluster0-shard-00-00-icnyk.mongodb.net:27017, type=REPLICA_SET_SECONDARY, state=CONNECTED, ok=true, version=ServerVersion{versionList=[4, 2, 8]}, minWireVersion=0, maxWireVersion=8, maxDocumentSize=16777216, logicalSessionTimeoutMinutes=30, roundTripTimeNanos=215942100, setName='Cluster0-shard-0', canonicalAddress=cluster0-shard-00-00-icnyk.mongodb.net:27017, hosts=[cluster0-shard-00-00-icnyk.mongodb.net:27017, cluster0-shard-00-01-icnyk.mongodb.net:27017, cluster0-shard-00-02-icnyk.mongodb.net:27017], passives=[], arbiters=[], primary='cluster0-shard-00-02-icnyk.mongodb.net:27017', tagSet=TagSet{[Tag{name='nodeType', value='ELECTABLE'}, Tag{name='provider', value='AWS'}, Tag{name='region', value='US_EAST_1'}]}, electionId=null, setVersion=2, lastWriteDate=Fri Jun 26 17:38:38 KST 2020, lastUpdateTimeNanos=1274048487151100}
2020-06-26 17:38:41.128  INFO 14208 --- [    Test worker] d.s.w.p.DocumentationPluginsBootstrapper : Context refreshed
2020-06-26 17:38:41.250  INFO 14208 --- [    Test worker] d.s.w.p.DocumentationPluginsBootstrapper : Found 1 custom documentation plugin(s)
2020-06-26 17:38:41.363  INFO 14208 --- [    Test worker] s.d.s.w.s.ApiListingReferenceScanner     : Scanning for api listing references
2020-06-26 17:38:42.689  INFO 14208 --- [ssageListener-1] io.lettuce.core.EpollProvider            : Starting without optional epoll library
2020-06-26 17:38:42.698  INFO 14208 --- [ssageListener-1] io.lettuce.core.KqueueProvider           : Starting without optional kqueue library
2020-06-26 17:38:44.285  INFO 14208 --- [    Test worker] o.s.m.s.b.SimpleBrokerMessageHandler     : Starting...
2020-06-26 17:38:44.286  INFO 14208 --- [    Test worker] o.s.m.s.b.SimpleBrokerMessageHandler     : BrokerAvailabilityEvent[available=true, SimpleBrokerMessageHandler [DefaultSubscriptionRegistry[cache[0 destination(s)], registry[0 sessions]]]]
2020-06-26 17:38:44.289  INFO 14208 --- [    Test worker] o.s.m.s.b.SimpleBrokerMessageHandler     : Started.
2020-06-26 17:38:44.318  INFO 14208 --- [    Test worker] c.k.baekchat.BaekchatApplicationTests    : Started BaekchatApplicationTests in 38.142 seconds (JVM running for 42.301)
]]></system-out>
  <system-err><![CDATA[Loading class `com.mysql.jdbc.Driver'. This is deprecated. The new driver class is `com.mysql.cj.jdbc.Driver'. The driver is automatically registered via the SPI and manual loading of the driver class is generally unnecessary.
]]></system-err>
</testsuite>
